<?xml version="1.0" encoding="UTF-8"?>
<!-- Generated by org.testng.reporters.JUnitReportReporter -->
<testsuite hostname="Laptop-Jaskirat" failures="0" tests="2" name="training.testng.Anotations3" time="0.006" errors="0" timestamp="2022-08-14T11:48:44 IST" skipped="0">
  <testcase classname="training.testng.Anotations3" name="firstTest" time="0.003"/>
  <system-out/>
  <testcase classname="training.testng.Anotations3" name="secondTest" time="0.003"/>
  <system-out/>
</testsuite> <!-- training.testng.Anotations3 -->
