<?xml version="1.0" encoding="UTF-8"?>
<!-- Generated by org.testng.reporters.JUnitReportReporter -->
<testsuite hostname="Laptop-Jaskirat" failures="0" tests="1" name="training.testng.ParameterAnnotation" time="0.020" errors="0" timestamp="2022-08-14T15:26:09 IST" skipped="0">
  <testcase classname="training.testng.ParameterAnnotation" name="testOne" time="0.020"/>
  <system-out/>
</testsuite> <!-- training.testng.ParameterAnnotation -->
