<?xml version="1.0" encoding="UTF-8"?>
<!-- Generated by org.testng.reporters.JUnitReportReporter -->
<testsuite hostname="Laptop-Jaskirat" failures="0" tests="5" name="training.testng.ParallelExecution" time="0.051" errors="0" timestamp="2022-08-14T16:15:40 IST" skipped="0">
  <testcase classname="training.testng.ParallelExecution" name="test2" time="0.005"/>
  <system-out/>
  <testcase classname="training.testng.ParallelExecution" name="test3" time="0.006"/>
  <system-out/>
  <testcase classname="training.testng.ParallelExecution" name="test5" time="0.009"/>
  <system-out/>
  <testcase classname="training.testng.ParallelExecution" name="test4" time="0.011"/>
  <system-out/>
  <testcase classname="training.testng.ParallelExecution" name="test1" time="0.020"/>
  <system-out/>
</testsuite> <!-- training.testng.ParallelExecution -->
