<?xml version="1.0" encoding="UTF-8"?>
<!-- Generated by org.testng.reporters.JUnitReportReporter -->
<testsuite hostname="Laptop-Jaskirat" failures="0" tests="3" name="training.testng.Annotations" time="0.021" errors="0" timestamp="2022-08-14T14:48:16 IST" skipped="0">
  <testcase classname="training.testng.Annotations" name="testOne" time="0.005"/>
  <system-out/>
  <testcase classname="training.testng.Annotations" name="testTwo" time="0.009"/>
  <system-out/>
  <testcase classname="training.testng.Annotations" name="testThree" time="0.007"/>
  <system-out/>
</testsuite> <!-- training.testng.Annotations -->
