<?xml version="1.0" encoding="UTF-8"?>
<!-- Generated by org.testng.reporters.JUnitReportReporter -->
<testsuite hostname="Laptop-Jaskirat" failures="0" tests="3" name="training.testng.dataprovider.DataProviderExample" time="0.025" errors="0" timestamp="2022-08-14T16:02:22 IST" skipped="0">
  <testcase classname="training.testng.dataprovider.DataProviderExample" name="dataProvider1ExampleTest" time="0.018"/>
  <system-out>
    <![CDATA[This is a test log]]>
  </system-out>
  <testcase classname="training.testng.dataprovider.DataProviderExample" name="dataProvider1ExampleTest" time="0.003"/>
  <system-out>
    <![CDATA[This is a test log]]>
  </system-out>
  <testcase classname="training.testng.dataprovider.DataProviderExample" name="dataProvider1ExampleTest" time="0.004"/>
  <system-out>
    <![CDATA[This is a test log]]>
  </system-out>
</testsuite> <!-- training.testng.dataprovider.DataProviderExample -->
