<?xml version="1.0" encoding="UTF-8"?>
<!-- Generated by org.testng.reporters.JUnitReportReporter -->
<testsuite hostname="Laptop-Jaskirat" failures="0" tests="2" name="training.testng.Anotations2" time="0.003" errors="0" timestamp="2022-08-14T14:35:48 IST" skipped="1">
  <testcase classname="training.testng.Anotations2" name="firstTest" time="0.003"/>
  <system-out/>
  <testcase classname="training.testng.Anotations2" name="secondTest">
    <skipped/>
  </testcase> <!-- secondTest -->
  <system-out/>
</testsuite> <!-- training.testng.Anotations2 -->
