<?xml version="1.0" encoding="UTF-8"?>
<!-- Generated by org.testng.reporters.JUnitReportReporter -->
<testsuite hostname="Laptop-Jaskirat" failures="0" tests="3" name="training.testng.TestPrioritization" time="0.076" errors="0" timestamp="2022-08-14T15:12:16 IST" skipped="0">
  <testcase classname="training.testng.TestPrioritization" name="createPatient" time="0.027"/>
  <system-out/>
  <testcase classname="training.testng.TestPrioritization" name="updatePatient" time="0.005"/>
  <system-out/>
  <testcase classname="training.testng.TestPrioritization" name="deletePatient" time="0.044"/>
  <system-out/>
</testsuite> <!-- training.testng.TestPrioritization -->
